mode: set
github.com/FrauElster/proxy/stealth/stealthTransport.go:42.49,44.2 1 0
github.com/FrauElster/proxy/stealth/stealthTransport.go:47.69,48.35 1 1
github.com/FrauElster/proxy/stealth/stealthTransport.go:48.35,51.3 2 1
github.com/FrauElster/proxy/stealth/stealthTransport.go:56.53,57.35 1 1
github.com/FrauElster/proxy/stealth/stealthTransport.go:57.35,59.3 1 1
github.com/FrauElster/proxy/stealth/stealthTransport.go:64.54,65.35 1 1
github.com/FrauElster/proxy/stealth/stealthTransport.go:65.35,68.3 2 1
github.com/FrauElster/proxy/stealth/stealthTransport.go:71.67,78.27 2 1
github.com/FrauElster/proxy/stealth/stealthTransport.go:78.27,80.3 1 1
github.com/FrauElster/proxy/stealth/stealthTransport.go:82.2,82.10 1 1
github.com/FrauElster/proxy/stealth/stealthTransport.go:86.81,88.27 1 1
github.com/FrauElster/proxy/stealth/stealthTransport.go:88.27,91.3 2 1
github.com/FrauElster/proxy/stealth/stealthTransport.go:94.2,103.38 8 1
github.com/FrauElster/proxy/stealth/stealthTransport.go:103.38,106.3 2 0
github.com/FrauElster/proxy/stealth/stealthTransport.go:109.2,109.49 1 1
github.com/FrauElster/proxy/stealth/stealthTransport.go:109.49,111.17 2 1
github.com/FrauElster/proxy/stealth/stealthTransport.go:111.17,113.4 1 0
github.com/FrauElster/proxy/stealth/stealthTransport.go:115.3,117.29 3 1
github.com/FrauElster/proxy/stealth/stealthTransport.go:121.2,121.38 1 1
github.com/FrauElster/proxy/stealth/stealthTransport.go:121.38,124.45 3 1
github.com/FrauElster/proxy/stealth/stealthTransport.go:124.45,126.4 1 1
github.com/FrauElster/proxy/stealth/stealthTransport.go:129.2,131.19 3 1
github.com/FrauElster/proxy/stealth/stealthTransport.go:131.19,133.3 1 0
github.com/FrauElster/proxy/stealth/stealthTransport.go:136.2,136.82 1 1
github.com/FrauElster/proxy/stealth/stealthTransport.go:136.82,139.17 3 0
github.com/FrauElster/proxy/stealth/stealthTransport.go:139.17,141.4 1 0
github.com/FrauElster/proxy/stealth/stealthTransport.go:144.2,144.17 1 1
github.com/FrauElster/proxy/stealth/stealthTransport.go:147.65,148.31 1 1
github.com/FrauElster/proxy/stealth/stealthTransport.go:148.31,150.3 1 1
